

Microchip MPLAB XC8 Assembler V2.20 build 20200408173844 
                                                                                               Wed Sep 23 14:38:37 2020

Microchip MPLAB XC8 C Compiler v2.20 (Free license) build 20200408173844 Og1 
     1                           	processor	18F4550
     2                           	fnconf	rparam,??,?,0
     3                           	pagewidth 120
     4                           	opt	flic
     5                           	psect	cinit,global,reloc=2,class=CODE,delta=1
     6                           	psect	cstackCOMRAM,global,class=COMRAM,space=1,delta=1,lowdata,noexec
     7                           	psect	text0,global,reloc=2,class=CODE,delta=1
     8                           	psect	text1,global,reloc=2,class=CODE,delta=1
     9                           	psect	text2,global,reloc=2,class=CODE,delta=1
    10                           	psect	intsave_regs,global,class=BIGRAM,space=1,delta=1,noexec
    11                           	psect	rparam,global,class=COMRAM,space=1,delta=1,noexec
    12                           	psect	idloc,global,abs,ovrld,class=IDLOC,space=5,delta=1,noexec
    13                           	psect	config,global,abs,ovrld,class=CONFIG,space=4,delta=1,noexec
    14  0000                     
    15                           ; Version 2.20
    16                           ; Generated 12/02/2020 GMT
    17                           ; 
    18                           ; Copyright © 2020, Microchip Technology Inc. and its subsidiaries ("Microchip")
    19                           ; All rights reserved.
    20                           ; 
    21                           ; This software is developed by Microchip Technology Inc. and its subsidiaries ("Microch
      +                          ip").
    22                           ; 
    23                           ; Redistribution and use in source and binary forms, with or without modification, are
    24                           ; permitted provided that the following conditions are met:
    25                           ; 
    26                           ;     1. Redistributions of source code must retain the above copyright notice, this lis
      +                          t of
    27                           ;        conditions and the following disclaimer.
    28                           ; 
    29                           ;     2. Redistributions in binary form must reproduce the above copyright notice, this 
      +                          list
    30                           ;        of conditions and the following disclaimer in the documentation and/or other
    31                           ;        materials provided with the distribution.
    32                           ; 
    33                           ;     3. Microchip's name may not be used to endorse or promote products derived from th
      +                          is
    34                           ;        software without specific prior written permission.
    35                           ; 
    36                           ; THIS SOFTWARE IS PROVIDED BY MICROCHIP "AS IS" AND ANY EXPRESS OR IMPLIED WARRANTIES,
    37                           ; INCLUDING, BUT NOT LIMITED TO, THE IMPLIED WARRANTIES OF MERCHANTABILITY AND FITNESS F
      +                          OR
    38                           ; PURPOSE ARE DISCLAIMED.  IN NO EVENT SHALL MICROCHIP BE LIABLE FOR ANY DIRECT, INDIREC
      +                          T,
    39                           ; INCIDENTAL, SPECIAL, EXEMPLARY, OR CONSEQUENTIAL DAMAGES (INCLUDING BUT NOT LIMITED TO
    40                           ; PROCUREMENT OF SUBSTITUTE GOODS OR SERVICES; LOSS OF USE, DATA OR PROFITS; OR BUSINESS
    41                           ; INTERRUPTION) HOWSOEVER CAUSED AND ON ANY THEORY OF LIABILITY, WHETHER IN CONTRACT, ST
      +                          RICT
    42                           ; LIABILITY, OR TORT (INCLUDING NEGLIGENCE OR OTHERWISE) ARISING IN ANY WAY OUT OF THE U
      +                          SE OF
    43                           ; THIS SOFTWARE, EVEN IF ADVISED OF THE POSSIBILITY OF SUCH DAMAGE.
    44                           ; 
    45                           ; 
    46                           ; Code-generator required, PIC18F4550 Definitions
    47                           ; 
    48                           ; SFR Addresses
    49  0000                     _PORTBbits	set	3969
    50  0000                     _ADCON1	set	4033
    51  0000                     _PORTD	set	3971
    52  0000                     _TRISD	set	3989
    53  0000                     _TRISB	set	3987
    54  0000                     _PORTDbits	set	3971
    55                           
    56                           ; #config settings
    57                           
    58                           	psect	cinit
    59  007C20                     __pcinit:
    60                           	callstack 0
    61  007C20                     start_initialization:
    62                           	callstack 0
    63  007C20                     __initialization:
    64                           	callstack 0
    65  007C20                     end_of_initialization:
    66                           	callstack 0
    67  007C20                     __end_of__initialization:
    68                           	callstack 0
    69  007C20  0100               	movlb	0
    70  007C22  EF6D  F03E         	goto	_main	;jump to C main() function
    71                           
    72                           	psect	cstackCOMRAM
    73  000001                     __pcstackCOMRAM:
    74                           	callstack 0
    75  000001                     ??_winnerPlayer1:
    76  000001                     ??_winnerPlayer2:
    77  000001                     
    78                           ; 1 bytes @ 0x0
    79  000001                     	ds	2
    80  000003                     winnerPlayer1@i:
    81                           	callstack 0
    82  000003                     winnerPlayer2@i:
    83                           	callstack 0
    84                           
    85                           ; 2 bytes @ 0x2
    86  000003                     	ds	2
    87  000005                     
    88                           ; 1 bytes @ 0x4
    89 ;;
    90 ;;Main: autosize = 0, tempsize = 0, incstack = 0, save=0
    91 ;;
    92 ;; *************** function _main *****************
    93 ;; Defined at:
    94 ;;		line 117 in file "main.c"
    95 ;; Parameters:    Size  Location     Type
    96 ;;		None
    97 ;; Auto vars:     Size  Location     Type
    98 ;;		None
    99 ;; Return value:  Size  Location     Type
   100 ;;                  1    wreg      void 
   101 ;; Registers used:
   102 ;;		wreg, status,2, status,0, cstack
   103 ;; Tracked objects:
   104 ;;		On entry : 0/0
   105 ;;		On exit  : 0/0
   106 ;;		Unchanged: 0/0
   107 ;; Data sizes:     COMRAM   BANK0   BANK1   BANK2   BANK3   BANK4   BANK5   BANK6   BANK7
   108 ;;      Params:         0       0       0       0       0       0       0       0       0
   109 ;;      Locals:         0       0       0       0       0       0       0       0       0
   110 ;;      Temps:          0       0       0       0       0       0       0       0       0
   111 ;;      Totals:         0       0       0       0       0       0       0       0       0
   112 ;;Total ram usage:        0 bytes
   113 ;; Hardware stack levels required when called:    1
   114 ;; This function calls:
   115 ;;		_winnerPlayer1
   116 ;;		_winnerPlayer2
   117 ;; This function is called by:
   118 ;;		Startup code after reset
   119 ;; This function uses a non-reentrant model
   120 ;;
   121                           
   122                           	psect	text0
   123  007CDA                     __ptext0:
   124                           	callstack 0
   125  007CDA                     _main:
   126                           	callstack 30
   127  007CDA                     
   128                           ;main.c: 118:     TRISB = 0b00000111;
   129  007CDA  0E07               	movlw	7
   130  007CDC  6E93               	movwf	147,c	;volatile
   131                           
   132                           ;main.c: 119:     TRISD = 0b00000000;
   133  007CDE  0E00               	movlw	0
   134  007CE0  6E95               	movwf	149,c	;volatile
   135                           
   136                           ;main.c: 121:     PORTD = 0b0001000;
   137  007CE2  0E08               	movlw	8
   138  007CE4  6E83               	movwf	131,c	;volatile
   139                           
   140                           ;main.c: 122:     ADCON1 = 0x0F;
   141  007CE6  0E0F               	movlw	15
   142  007CE8  6EC1               	movwf	193,c	;volatile
   143  007CEA                     l801:
   144                           
   145                           ;main.c: 125:         if (PORTBbits.RB2) {
   146  007CEA  A481               	btfss	129,2,c	;volatile
   147  007CEC  EF7A  F03E         	goto	u51
   148  007CF0  EF7C  F03E         	goto	u50
   149  007CF4                     u51:
   150  007CF4  EF90  F03E         	goto	l811
   151  007CF8                     u50:
   152  007CF8                     
   153                           ;main.c: 126:             _delay((unsigned long)((50)*(20000000/4000000.0)));
   154  007CF8  0E53               	movlw	83
   155  007CFA                     u487:
   156  007CFA  2EE8               	decfsz	wreg,f,c
   157  007CFC  D7FE               	bra	u487
   158  007CFE  F000               	nop	
   159  007D00                     
   160                           ;main.c: 127:             if (PORTBbits.RB2) {
   161  007D00  A481               	btfss	129,2,c	;volatile
   162  007D02  EF85  F03E         	goto	u61
   163  007D06  EF87  F03E         	goto	u60
   164  007D0A                     u61:
   165  007D0A  EF90  F03E         	goto	l811
   166  007D0E                     u60:
   167  007D0E                     l36:
   168  007D0E  B481               	btfsc	129,2,c	;volatile
   169  007D10  EF8C  F03E         	goto	u71
   170  007D14  EF8E  F03E         	goto	u70
   171  007D18                     u71:
   172  007D18  EF87  F03E         	goto	l36
   173  007D1C                     u70:
   174  007D1C                     
   175                           ;main.c: 129:                 PORTD = 0b0001000;
   176  007D1C  0E08               	movlw	8
   177  007D1E  6E83               	movwf	131,c	;volatile
   178  007D20                     l811:
   179                           
   180                           ;main.c: 133:         if (PORTBbits.RB0) {
   181  007D20  A081               	btfss	129,0,c	;volatile
   182  007D22  EF95  F03E         	goto	u81
   183  007D26  EF97  F03E         	goto	u80
   184  007D2A                     u81:
   185  007D2A  EFB4  F03E         	goto	l823
   186  007D2E                     u80:
   187  007D2E                     
   188                           ;main.c: 134:             _delay((unsigned long)((50)*(20000000/4000000.0)));
   189  007D2E  0E53               	movlw	83
   190  007D30                     u497:
   191  007D30  2EE8               	decfsz	wreg,f,c
   192  007D32  D7FE               	bra	u497
   193  007D34  F000               	nop	
   194  007D36                     
   195                           ;main.c: 135:             if (PORTBbits.RB0 && PORTD == 0b0001000) {
   196  007D36  A081               	btfss	129,0,c	;volatile
   197  007D38  EFA0  F03E         	goto	u91
   198  007D3C  EFA2  F03E         	goto	u90
   199  007D40                     u91:
   200  007D40  EFB4  F03E         	goto	l823
   201  007D44                     u90:
   202  007D44  0E08               	movlw	8
   203  007D46  1883               	xorwf	131,w,c	;volatile
   204  007D48  A4D8               	btfss	status,2,c
   205  007D4A  EFA9  F03E         	goto	u101
   206  007D4E  EFAB  F03E         	goto	u100
   207  007D52                     u101:
   208  007D52  EFB4  F03E         	goto	l823
   209  007D56                     u100:
   210  007D56                     l41:
   211  007D56  B081               	btfsc	129,0,c	;volatile
   212  007D58  EFB0  F03E         	goto	u111
   213  007D5C  EFB2  F03E         	goto	u110
   214  007D60                     u111:
   215  007D60  EFAB  F03E         	goto	l41
   216  007D64                     u110:
   217  007D64                     
   218                           ;main.c: 137:                 PORTD = 0b0000100;
   219  007D64  0E04               	movlw	4
   220  007D66  6E83               	movwf	131,c	;volatile
   221  007D68                     l823:
   222                           
   223                           ;main.c: 141:         if (PORTBbits.RB0 && PORTD == 0b0000100) {
   224  007D68  A081               	btfss	129,0,c	;volatile
   225  007D6A  EFB9  F03E         	goto	u121
   226  007D6E  EFBB  F03E         	goto	u120
   227  007D72                     u121:
   228  007D72  EFD8  F03E         	goto	l835
   229  007D76                     u120:
   230  007D76  0E04               	movlw	4
   231  007D78  1883               	xorwf	131,w,c	;volatile
   232  007D7A  A4D8               	btfss	status,2,c
   233  007D7C  EFC2  F03E         	goto	u131
   234  007D80  EFC4  F03E         	goto	u130
   235  007D84                     u131:
   236  007D84  EFD8  F03E         	goto	l835
   237  007D88                     u130:
   238  007D88                     
   239                           ;main.c: 142:             _delay((unsigned long)((50)*(20000000/4000000.0)));
   240  007D88  0E53               	movlw	83
   241  007D8A                     u507:
   242  007D8A  2EE8               	decfsz	wreg,f,c
   243  007D8C  D7FE               	bra	u507
   244  007D8E  F000               	nop	
   245  007D90                     
   246                           ;main.c: 143:             if (PORTBbits.RB0) {
   247  007D90  A081               	btfss	129,0,c	;volatile
   248  007D92  EFCD  F03E         	goto	u141
   249  007D96  EFCF  F03E         	goto	u140
   250  007D9A                     u141:
   251  007D9A  EFD8  F03E         	goto	l835
   252  007D9E                     u140:
   253  007D9E                     l46:
   254  007D9E  B081               	btfsc	129,0,c	;volatile
   255  007DA0  EFD4  F03E         	goto	u151
   256  007DA4  EFD6  F03E         	goto	u150
   257  007DA8                     u151:
   258  007DA8  EFCF  F03E         	goto	l46
   259  007DAC                     u150:
   260  007DAC                     
   261                           ;main.c: 145:                 PORTD = 0b0000010;
   262  007DAC  0E02               	movlw	2
   263  007DAE  6E83               	movwf	131,c	;volatile
   264  007DB0                     l835:
   265                           
   266                           ;main.c: 149:         if (PORTBbits.RB0 && PORTD == 0b0000010) {
   267  007DB0  A081               	btfss	129,0,c	;volatile
   268  007DB2  EFDD  F03E         	goto	u161
   269  007DB6  EFDF  F03E         	goto	u160
   270  007DBA                     u161:
   271  007DBA  EFFE  F03E         	goto	l849
   272  007DBE                     u160:
   273  007DBE  0E02               	movlw	2
   274  007DC0  1883               	xorwf	131,w,c	;volatile
   275  007DC2  A4D8               	btfss	status,2,c
   276  007DC4  EFE6  F03E         	goto	u171
   277  007DC8  EFE8  F03E         	goto	u170
   278  007DCC                     u171:
   279  007DCC  EFFE  F03E         	goto	l849
   280  007DD0                     u170:
   281  007DD0                     
   282                           ;main.c: 150:             _delay((unsigned long)((50)*(20000000/4000000.0)));
   283  007DD0  0E53               	movlw	83
   284  007DD2                     u517:
   285  007DD2  2EE8               	decfsz	wreg,f,c
   286  007DD4  D7FE               	bra	u517
   287  007DD6  F000               	nop	
   288  007DD8                     
   289                           ;main.c: 151:             if (PORTBbits.RB0) {
   290  007DD8  A081               	btfss	129,0,c	;volatile
   291  007DDA  EFF1  F03E         	goto	u181
   292  007DDE  EFF3  F03E         	goto	u180
   293  007DE2                     u181:
   294  007DE2  EFFE  F03E         	goto	l849
   295  007DE6                     u180:
   296  007DE6                     l51:
   297  007DE6  B081               	btfsc	129,0,c	;volatile
   298  007DE8  EFF8  F03E         	goto	u191
   299  007DEC  EFFA  F03E         	goto	u190
   300  007DF0                     u191:
   301  007DF0  EFF3  F03E         	goto	l51
   302  007DF4                     u190:
   303  007DF4                     
   304                           ;main.c: 153:                 PORTD = 0b0000001;
   305  007DF4  0E01               	movlw	1
   306  007DF6  6E83               	movwf	131,c	;volatile
   307  007DF8                     
   308                           ;main.c: 154:                 winnerPlayer1();
   309  007DF8  EC13  F03E         	call	_winnerPlayer1	;wreg free
   310  007DFC                     l849:
   311                           
   312                           ;main.c: 159:         if (PORTBbits.RB1) {
   313  007DFC  A281               	btfss	129,1,c	;volatile
   314  007DFE  EF03  F03F         	goto	u201
   315  007E02  EF05  F03F         	goto	u200
   316  007E06                     u201:
   317  007E06  EF22  F03F         	goto	l861
   318  007E0A                     u200:
   319  007E0A                     
   320                           ;main.c: 160:             _delay((unsigned long)((50)*(20000000/4000000.0)));
   321  007E0A  0E53               	movlw	83
   322  007E0C                     u527:
   323  007E0C  2EE8               	decfsz	wreg,f,c
   324  007E0E  D7FE               	bra	u527
   325  007E10  F000               	nop	
   326  007E12                     
   327                           ;main.c: 161:             if (PORTBbits.RB1 && PORTD == 0b0001000) {
   328  007E12  A281               	btfss	129,1,c	;volatile
   329  007E14  EF0E  F03F         	goto	u211
   330  007E18  EF10  F03F         	goto	u210
   331  007E1C                     u211:
   332  007E1C  EF22  F03F         	goto	l861
   333  007E20                     u210:
   334  007E20  0E08               	movlw	8
   335  007E22  1883               	xorwf	131,w,c	;volatile
   336  007E24  A4D8               	btfss	status,2,c
   337  007E26  EF17  F03F         	goto	u221
   338  007E2A  EF19  F03F         	goto	u220
   339  007E2E                     u221:
   340  007E2E  EF22  F03F         	goto	l861
   341  007E32                     u220:
   342  007E32                     l56:
   343  007E32  B281               	btfsc	129,1,c	;volatile
   344  007E34  EF1E  F03F         	goto	u231
   345  007E38  EF20  F03F         	goto	u230
   346  007E3C                     u231:
   347  007E3C  EF19  F03F         	goto	l56
   348  007E40                     u230:
   349  007E40                     
   350                           ;main.c: 163:                 PORTD = 0b0010000;
   351  007E40  0E10               	movlw	16
   352  007E42  6E83               	movwf	131,c	;volatile
   353  007E44                     l861:
   354                           
   355                           ;main.c: 167:         if (PORTBbits.RB1 && PORTD == 0b0010000) {
   356  007E44  A281               	btfss	129,1,c	;volatile
   357  007E46  EF27  F03F         	goto	u241
   358  007E4A  EF29  F03F         	goto	u240
   359  007E4E                     u241:
   360  007E4E  EF46  F03F         	goto	l873
   361  007E52                     u240:
   362  007E52  0E10               	movlw	16
   363  007E54  1883               	xorwf	131,w,c	;volatile
   364  007E56  A4D8               	btfss	status,2,c
   365  007E58  EF30  F03F         	goto	u251
   366  007E5C  EF32  F03F         	goto	u250
   367  007E60                     u251:
   368  007E60  EF46  F03F         	goto	l873
   369  007E64                     u250:
   370  007E64                     
   371                           ;main.c: 168:             _delay((unsigned long)((50)*(20000000/4000000.0)));
   372  007E64  0E53               	movlw	83
   373  007E66                     u537:
   374  007E66  2EE8               	decfsz	wreg,f,c
   375  007E68  D7FE               	bra	u537
   376  007E6A  F000               	nop	
   377  007E6C                     
   378                           ;main.c: 169:             if (PORTBbits.RB1) {
   379  007E6C  A281               	btfss	129,1,c	;volatile
   380  007E6E  EF3B  F03F         	goto	u261
   381  007E72  EF3D  F03F         	goto	u260
   382  007E76                     u261:
   383  007E76  EF46  F03F         	goto	l873
   384  007E7A                     u260:
   385  007E7A                     l61:
   386  007E7A  B281               	btfsc	129,1,c	;volatile
   387  007E7C  EF42  F03F         	goto	u271
   388  007E80  EF44  F03F         	goto	u270
   389  007E84                     u271:
   390  007E84  EF3D  F03F         	goto	l61
   391  007E88                     u270:
   392  007E88                     
   393                           ;main.c: 171:                 PORTD = 0b0100000;
   394  007E88  0E20               	movlw	32
   395  007E8A  6E83               	movwf	131,c	;volatile
   396  007E8C                     l873:
   397                           
   398                           ;main.c: 175:         if (PORTBbits.RB1 && PORTD == 0b0100000) {
   399  007E8C  A281               	btfss	129,1,c	;volatile
   400  007E8E  EF4B  F03F         	goto	u281
   401  007E92  EF4D  F03F         	goto	u280
   402  007E96                     u281:
   403  007E96  EF6C  F03F         	goto	l887
   404  007E9A                     u280:
   405  007E9A  0E20               	movlw	32
   406  007E9C  1883               	xorwf	131,w,c	;volatile
   407  007E9E  A4D8               	btfss	status,2,c
   408  007EA0  EF54  F03F         	goto	u291
   409  007EA4  EF56  F03F         	goto	u290
   410  007EA8                     u291:
   411  007EA8  EF6C  F03F         	goto	l887
   412  007EAC                     u290:
   413  007EAC                     
   414                           ;main.c: 176:             _delay((unsigned long)((50)*(20000000/4000000.0)));
   415  007EAC  0E53               	movlw	83
   416  007EAE                     u547:
   417  007EAE  2EE8               	decfsz	wreg,f,c
   418  007EB0  D7FE               	bra	u547
   419  007EB2  F000               	nop	
   420  007EB4                     
   421                           ;main.c: 177:             if (PORTBbits.RB1) {
   422  007EB4  A281               	btfss	129,1,c	;volatile
   423  007EB6  EF5F  F03F         	goto	u301
   424  007EBA  EF61  F03F         	goto	u300
   425  007EBE                     u301:
   426  007EBE  EF6C  F03F         	goto	l887
   427  007EC2                     u300:
   428  007EC2                     l66:
   429  007EC2  B281               	btfsc	129,1,c	;volatile
   430  007EC4  EF66  F03F         	goto	u311
   431  007EC8  EF68  F03F         	goto	u310
   432  007ECC                     u311:
   433  007ECC  EF61  F03F         	goto	l66
   434  007ED0                     u310:
   435  007ED0                     
   436                           ;main.c: 179:                 PORTD = 0b1000000;
   437  007ED0  0E40               	movlw	64
   438  007ED2  6E83               	movwf	131,c	;volatile
   439  007ED4                     
   440                           ;main.c: 180:                 winnerPlayer2();
   441  007ED4  EC40  F03E         	call	_winnerPlayer2	;wreg free
   442  007ED8                     l887:
   443                           
   444                           ;main.c: 184:         if (PORTBbits.RB0) {
   445  007ED8  A081               	btfss	129,0,c	;volatile
   446  007EDA  EF71  F03F         	goto	u321
   447  007EDE  EF73  F03F         	goto	u320
   448  007EE2                     u321:
   449  007EE2  EF90  F03F         	goto	l899
   450  007EE6                     u320:
   451  007EE6                     
   452                           ;main.c: 185:             _delay((unsigned long)((50)*(20000000/4000000.0)));
   453  007EE6  0E53               	movlw	83
   454  007EE8                     u557:
   455  007EE8  2EE8               	decfsz	wreg,f,c
   456  007EEA  D7FE               	bra	u557
   457  007EEC  F000               	nop	
   458  007EEE                     
   459                           ;main.c: 186:             if (PORTBbits.RB0 && PORTD == 0b0010000) {
   460  007EEE  A081               	btfss	129,0,c	;volatile
   461  007EF0  EF7C  F03F         	goto	u331
   462  007EF4  EF7E  F03F         	goto	u330
   463  007EF8                     u331:
   464  007EF8  EF90  F03F         	goto	l899
   465  007EFC                     u330:
   466  007EFC  0E10               	movlw	16
   467  007EFE  1883               	xorwf	131,w,c	;volatile
   468  007F00  A4D8               	btfss	status,2,c
   469  007F02  EF85  F03F         	goto	u341
   470  007F06  EF87  F03F         	goto	u340
   471  007F0A                     u341:
   472  007F0A  EF90  F03F         	goto	l899
   473  007F0E                     u340:
   474  007F0E                     l71:
   475  007F0E  B081               	btfsc	129,0,c	;volatile
   476  007F10  EF8C  F03F         	goto	u351
   477  007F14  EF8E  F03F         	goto	u350
   478  007F18                     u351:
   479  007F18  EF87  F03F         	goto	l71
   480  007F1C                     u350:
   481  007F1C                     
   482                           ;main.c: 188:                 PORTD = 0b0001000;
   483  007F1C  0E08               	movlw	8
   484  007F1E  6E83               	movwf	131,c	;volatile
   485  007F20                     l899:
   486                           
   487                           ;main.c: 192:         if (PORTBbits.RB1) {
   488  007F20  A281               	btfss	129,1,c	;volatile
   489  007F22  EF95  F03F         	goto	u361
   490  007F26  EF97  F03F         	goto	u360
   491  007F2A                     u361:
   492  007F2A  EFB4  F03F         	goto	l911
   493  007F2E                     u360:
   494  007F2E                     
   495                           ;main.c: 193:             _delay((unsigned long)((50)*(20000000/4000000.0)));
   496  007F2E  0E53               	movlw	83
   497  007F30                     u567:
   498  007F30  2EE8               	decfsz	wreg,f,c
   499  007F32  D7FE               	bra	u567
   500  007F34  F000               	nop	
   501  007F36                     
   502                           ;main.c: 194:             if (PORTBbits.RB1 && PORTD == 0b0000100) {
   503  007F36  A281               	btfss	129,1,c	;volatile
   504  007F38  EFA0  F03F         	goto	u371
   505  007F3C  EFA2  F03F         	goto	u370
   506  007F40                     u371:
   507  007F40  EFB4  F03F         	goto	l911
   508  007F44                     u370:
   509  007F44  0E04               	movlw	4
   510  007F46  1883               	xorwf	131,w,c	;volatile
   511  007F48  A4D8               	btfss	status,2,c
   512  007F4A  EFA9  F03F         	goto	u381
   513  007F4E  EFAB  F03F         	goto	u380
   514  007F52                     u381:
   515  007F52  EFB4  F03F         	goto	l911
   516  007F56                     u380:
   517  007F56                     l76:
   518  007F56  B281               	btfsc	129,1,c	;volatile
   519  007F58  EFB0  F03F         	goto	u391
   520  007F5C  EFB2  F03F         	goto	u390
   521  007F60                     u391:
   522  007F60  EFAB  F03F         	goto	l76
   523  007F64                     u390:
   524  007F64                     
   525                           ;main.c: 196:                 PORTD = 0b0001000;
   526  007F64  0E08               	movlw	8
   527  007F66  6E83               	movwf	131,c	;volatile
   528  007F68                     l911:
   529                           
   530                           ;main.c: 200:         if (PORTBbits.RB0) {
   531  007F68  A081               	btfss	129,0,c	;volatile
   532  007F6A  EFB9  F03F         	goto	u401
   533  007F6E  EFBB  F03F         	goto	u400
   534  007F72                     u401:
   535  007F72  EFD8  F03F         	goto	l923
   536  007F76                     u400:
   537  007F76                     
   538                           ;main.c: 201:             _delay((unsigned long)((50)*(20000000/4000000.0)));
   539  007F76  0E53               	movlw	83
   540  007F78                     u577:
   541  007F78  2EE8               	decfsz	wreg,f,c
   542  007F7A  D7FE               	bra	u577
   543  007F7C  F000               	nop	
   544  007F7E                     
   545                           ;main.c: 202:             if (PORTBbits.RB0 && PORTD == 0b0100000) {
   546  007F7E  A081               	btfss	129,0,c	;volatile
   547  007F80  EFC4  F03F         	goto	u411
   548  007F84  EFC6  F03F         	goto	u410
   549  007F88                     u411:
   550  007F88  EFD8  F03F         	goto	l923
   551  007F8C                     u410:
   552  007F8C  0E20               	movlw	32
   553  007F8E  1883               	xorwf	131,w,c	;volatile
   554  007F90  A4D8               	btfss	status,2,c
   555  007F92  EFCD  F03F         	goto	u421
   556  007F96  EFCF  F03F         	goto	u420
   557  007F9A                     u421:
   558  007F9A  EFD8  F03F         	goto	l923
   559  007F9E                     u420:
   560  007F9E                     l81:
   561  007F9E  B081               	btfsc	129,0,c	;volatile
   562  007FA0  EFD4  F03F         	goto	u431
   563  007FA4  EFD6  F03F         	goto	u430
   564  007FA8                     u431:
   565  007FA8  EFCF  F03F         	goto	l81
   566  007FAC                     u430:
   567  007FAC                     
   568                           ;main.c: 204:                 PORTD = 0b0010000;
   569  007FAC  0E10               	movlw	16
   570  007FAE  6E83               	movwf	131,c	;volatile
   571  007FB0                     l923:
   572                           
   573                           ;main.c: 208:         if (PORTBbits.RB1) {
   574  007FB0  A281               	btfss	129,1,c	;volatile
   575  007FB2  EFDD  F03F         	goto	u441
   576  007FB6  EFDF  F03F         	goto	u440
   577  007FBA                     u441:
   578  007FBA  EF75  F03E         	goto	l801
   579  007FBE                     u440:
   580  007FBE                     
   581                           ;main.c: 209:             _delay((unsigned long)((50)*(20000000/4000000.0)));
   582  007FBE  0E53               	movlw	83
   583  007FC0                     u587:
   584  007FC0  2EE8               	decfsz	wreg,f,c
   585  007FC2  D7FE               	bra	u587
   586  007FC4  F000               	nop	
   587  007FC6                     
   588                           ;main.c: 210:             if (PORTBbits.RB1 && PORTD == 0b0000010) {
   589  007FC6  A281               	btfss	129,1,c	;volatile
   590  007FC8  EFE8  F03F         	goto	u451
   591  007FCC  EFEA  F03F         	goto	u450
   592  007FD0                     u451:
   593  007FD0  EF75  F03E         	goto	l801
   594  007FD4                     u450:
   595  007FD4  0E02               	movlw	2
   596  007FD6  1883               	xorwf	131,w,c	;volatile
   597  007FD8  A4D8               	btfss	status,2,c
   598  007FDA  EFF1  F03F         	goto	u461
   599  007FDE  EFF3  F03F         	goto	u460
   600  007FE2                     u461:
   601  007FE2  EF75  F03E         	goto	l801
   602  007FE6                     u460:
   603  007FE6                     l86:
   604  007FE6  B281               	btfsc	129,1,c	;volatile
   605  007FE8  EFF8  F03F         	goto	u471
   606  007FEC  EFFA  F03F         	goto	u470
   607  007FF0                     u471:
   608  007FF0  EFF3  F03F         	goto	l86
   609  007FF4                     u470:
   610  007FF4                     
   611                           ;main.c: 212:                 PORTD = 0b0000100;
   612  007FF4  0E04               	movlw	4
   613  007FF6  6E83               	movwf	131,c	;volatile
   614  007FF8  EF75  F03E         	goto	l801
   615  007FFC  EF00  F000         	goto	start
   616  008000                     __end_of_main:
   617                           	callstack 0
   618                           
   619 ;; *************** function _winnerPlayer2 *****************
   620 ;; Defined at:
   621 ;;		line 103 in file "main.c"
   622 ;; Parameters:    Size  Location     Type
   623 ;;		None
   624 ;; Auto vars:     Size  Location     Type
   625 ;;  i               2    2[COMRAM] int 
   626 ;; Return value:  Size  Location     Type
   627 ;;                  1    wreg      void 
   628 ;; Registers used:
   629 ;;		wreg, status,2, status,0
   630 ;; Tracked objects:
   631 ;;		On entry : 0/0
   632 ;;		On exit  : 0/0
   633 ;;		Unchanged: 0/0
   634 ;; Data sizes:     COMRAM   BANK0   BANK1   BANK2   BANK3   BANK4   BANK5   BANK6   BANK7
   635 ;;      Params:         0       0       0       0       0       0       0       0       0
   636 ;;      Locals:         2       0       0       0       0       0       0       0       0
   637 ;;      Temps:          2       0       0       0       0       0       0       0       0
   638 ;;      Totals:         4       0       0       0       0       0       0       0       0
   639 ;;Total ram usage:        4 bytes
   640 ;; Hardware stack levels used:    1
   641 ;; This function calls:
   642 ;;		Nothing
   643 ;; This function is called by:
   644 ;;		_main
   645 ;; This function uses a non-reentrant model
   646 ;;
   647                           
   648                           	psect	text1
   649  007C80                     __ptext1:
   650                           	callstack 0
   651  007C80                     _winnerPlayer2:
   652                           	callstack 30
   653  007C80                     
   654                           ;main.c: 104:     int i;;main.c: 105:     for (i = 0; i < 10; i++){
   655  007C80  0E00               	movlw	0
   656  007C82  6E04               	movwf	(winnerPlayer2@i+1)^0,c
   657  007C84  0E00               	movlw	0
   658  007C86  6E03               	movwf	winnerPlayer2@i^0,c
   659  007C88                     l789:
   660                           
   661                           ;main.c: 106:         _delay((unsigned long)((200)*(20000000/4000.0)));
   662  007C88  0E06               	movlw	6
   663  007C8A  6E02               	movwf	(??_winnerPlayer2+1)^0,c
   664  007C8C  0E13               	movlw	19
   665  007C8E  6E01               	movwf	??_winnerPlayer2^0,c
   666  007C90  0EAE               	movlw	174
   667  007C92                     u597:
   668  007C92  2EE8               	decfsz	wreg,f,c
   669  007C94  D7FE               	bra	u597
   670  007C96  2E01               	decfsz	??_winnerPlayer2^0,f,c
   671  007C98  D7FC               	bra	u597
   672  007C9A  2E02               	decfsz	(??_winnerPlayer2+1)^0,f,c
   673  007C9C  D7FA               	bra	u597
   674  007C9E                     
   675                           ;main.c: 107:         if(PORTDbits.RD6){
   676  007C9E  AC83               	btfss	131,6,c	;volatile
   677  007CA0  EF54  F03E         	goto	u31
   678  007CA4  EF56  F03E         	goto	u30
   679  007CA8                     u31:
   680  007CA8  EF5A  F03E         	goto	l26
   681  007CAC                     u30:
   682  007CAC                     
   683                           ;main.c: 108:             PORTDbits.RD6 = 0;
   684  007CAC  9C83               	bcf	131,6,c	;volatile
   685                           
   686                           ;main.c: 109:             PORTDbits.RD3 = 1;
   687  007CAE  8683               	bsf	131,3,c	;volatile
   688                           
   689                           ;main.c: 110:         }else{
   690  007CB0  EF5C  F03E         	goto	l795
   691  007CB4                     l26:
   692                           
   693                           ;main.c: 111:            PORTDbits.RD6 = 1;
   694  007CB4  8C83               	bsf	131,6,c	;volatile
   695                           
   696                           ;main.c: 112:            PORTDbits.RD3 = 0;
   697  007CB6  9683               	bcf	131,3,c	;volatile
   698  007CB8                     l795:
   699                           
   700                           ;main.c: 114:     }
   701  007CB8  4A03               	infsnz	winnerPlayer2@i^0,f,c
   702  007CBA  2A04               	incf	(winnerPlayer2@i+1)^0,f,c
   703  007CBC  BE04               	btfsc	(winnerPlayer2@i+1)^0,7,c
   704  007CBE  EF6A  F03E         	goto	u41
   705  007CC2  5004               	movf	(winnerPlayer2@i+1)^0,w,c
   706  007CC4  E109               	bnz	u40
   707  007CC6  0E0A               	movlw	10
   708  007CC8  5C03               	subwf	winnerPlayer2@i^0,w,c
   709  007CCA  A0D8               	btfss	status,0,c
   710  007CCC  EF6A  F03E         	goto	u41
   711  007CD0  EF6C  F03E         	goto	u40
   712  007CD4                     u41:
   713  007CD4  EF44  F03E         	goto	l789
   714  007CD8                     u40:
   715  007CD8  0012               	return		;funcret
   716  007CDA                     __end_of_winnerPlayer2:
   717                           	callstack 0
   718                           
   719 ;; *************** function _winnerPlayer1 *****************
   720 ;; Defined at:
   721 ;;		line 89 in file "main.c"
   722 ;; Parameters:    Size  Location     Type
   723 ;;		None
   724 ;; Auto vars:     Size  Location     Type
   725 ;;  i               2    2[COMRAM] int 
   726 ;; Return value:  Size  Location     Type
   727 ;;                  1    wreg      void 
   728 ;; Registers used:
   729 ;;		wreg, status,2, status,0
   730 ;; Tracked objects:
   731 ;;		On entry : 0/0
   732 ;;		On exit  : 0/0
   733 ;;		Unchanged: 0/0
   734 ;; Data sizes:     COMRAM   BANK0   BANK1   BANK2   BANK3   BANK4   BANK5   BANK6   BANK7
   735 ;;      Params:         0       0       0       0       0       0       0       0       0
   736 ;;      Locals:         2       0       0       0       0       0       0       0       0
   737 ;;      Temps:          2       0       0       0       0       0       0       0       0
   738 ;;      Totals:         4       0       0       0       0       0       0       0       0
   739 ;;Total ram usage:        4 bytes
   740 ;; Hardware stack levels used:    1
   741 ;; This function calls:
   742 ;;		Nothing
   743 ;; This function is called by:
   744 ;;		_main
   745 ;; This function uses a non-reentrant model
   746 ;;
   747                           
   748                           	psect	text2
   749  007C26                     __ptext2:
   750                           	callstack 0
   751  007C26                     _winnerPlayer1:
   752                           	callstack 30
   753  007C26                     
   754                           ;main.c: 90:     int i;;main.c: 91:     for (i = 0; i < 10; i++){
   755  007C26  0E00               	movlw	0
   756  007C28  6E04               	movwf	(winnerPlayer1@i+1)^0,c
   757  007C2A  0E00               	movlw	0
   758  007C2C  6E03               	movwf	winnerPlayer1@i^0,c
   759  007C2E                     l773:
   760                           
   761                           ;main.c: 92:         _delay((unsigned long)((200)*(20000000/4000.0)));
   762  007C2E  0E06               	movlw	6
   763  007C30  6E02               	movwf	(??_winnerPlayer1+1)^0,c
   764  007C32  0E13               	movlw	19
   765  007C34  6E01               	movwf	??_winnerPlayer1^0,c
   766  007C36  0EAE               	movlw	174
   767  007C38                     u607:
   768  007C38  2EE8               	decfsz	wreg,f,c
   769  007C3A  D7FE               	bra	u607
   770  007C3C  2E01               	decfsz	??_winnerPlayer1^0,f,c
   771  007C3E  D7FC               	bra	u607
   772  007C40  2E02               	decfsz	(??_winnerPlayer1+1)^0,f,c
   773  007C42  D7FA               	bra	u607
   774  007C44                     
   775                           ;main.c: 93:         if(PORTDbits.RD0){
   776  007C44  A083               	btfss	131,0,c	;volatile
   777  007C46  EF27  F03E         	goto	u11
   778  007C4A  EF29  F03E         	goto	u10
   779  007C4E                     u11:
   780  007C4E  EF2D  F03E         	goto	l19
   781  007C52                     u10:
   782  007C52                     
   783                           ;main.c: 94:             PORTDbits.RD0 = 0;
   784  007C52  9083               	bcf	131,0,c	;volatile
   785                           
   786                           ;main.c: 95:             PORTDbits.RD3 = 1;
   787  007C54  8683               	bsf	131,3,c	;volatile
   788                           
   789                           ;main.c: 96:         }else{
   790  007C56  EF2F  F03E         	goto	l779
   791  007C5A                     l19:
   792                           
   793                           ;main.c: 97:            PORTDbits.RD0 = 1;
   794  007C5A  8083               	bsf	131,0,c	;volatile
   795                           
   796                           ;main.c: 98:            PORTDbits.RD3 = 0;
   797  007C5C  9683               	bcf	131,3,c	;volatile
   798  007C5E                     l779:
   799                           
   800                           ;main.c: 100:     }
   801  007C5E  4A03               	infsnz	winnerPlayer1@i^0,f,c
   802  007C60  2A04               	incf	(winnerPlayer1@i+1)^0,f,c
   803  007C62  BE04               	btfsc	(winnerPlayer1@i+1)^0,7,c
   804  007C64  EF3D  F03E         	goto	u21
   805  007C68  5004               	movf	(winnerPlayer1@i+1)^0,w,c
   806  007C6A  E109               	bnz	u20
   807  007C6C  0E0A               	movlw	10
   808  007C6E  5C03               	subwf	winnerPlayer1@i^0,w,c
   809  007C70  A0D8               	btfss	status,0,c
   810  007C72  EF3D  F03E         	goto	u21
   811  007C76  EF3F  F03E         	goto	u20
   812  007C7A                     u21:
   813  007C7A  EF17  F03E         	goto	l773
   814  007C7E                     u20:
   815  007C7E  0012               	return		;funcret
   816  007C80                     __end_of_winnerPlayer1:
   817                           	callstack 0
   818  0000                     
   819                           	psect	rparam
   820  0000                     
   821                           	psect	idloc
   822                           
   823                           ;Config register IDLOC0 @ 0x200000
   824                           ;	unspecified, using default values
   825  200000                     	org	2097152
   826  200000  FF                 	db	255
   827                           
   828                           ;Config register IDLOC1 @ 0x200001
   829                           ;	unspecified, using default values
   830  200001                     	org	2097153
   831  200001  FF                 	db	255
   832                           
   833                           ;Config register IDLOC2 @ 0x200002
   834                           ;	unspecified, using default values
   835  200002                     	org	2097154
   836  200002  FF                 	db	255
   837                           
   838                           ;Config register IDLOC3 @ 0x200003
   839                           ;	unspecified, using default values
   840  200003                     	org	2097155
   841  200003  FF                 	db	255
   842                           
   843                           ;Config register IDLOC4 @ 0x200004
   844                           ;	unspecified, using default values
   845  200004                     	org	2097156
   846  200004  FF                 	db	255
   847                           
   848                           ;Config register IDLOC5 @ 0x200005
   849                           ;	unspecified, using default values
   850  200005                     	org	2097157
   851  200005  FF                 	db	255
   852                           
   853                           ;Config register IDLOC6 @ 0x200006
   854                           ;	unspecified, using default values
   855  200006                     	org	2097158
   856  200006  FF                 	db	255
   857                           
   858                           ;Config register IDLOC7 @ 0x200007
   859                           ;	unspecified, using default values
   860  200007                     	org	2097159
   861  200007  FF                 	db	255
   862                           
   863                           	psect	config
   864                           
   865                           ;Config register CONFIG1L @ 0x300000
   866                           ;	PLL Prescaler Selection bits
   867                           ;	PLLDIV = 1, No prescale (4 MHz oscillator input drives PLL directly)
   868                           ;	System Clock Postscaler Selection bits
   869                           ;	CPUDIV = OSC1_PLL2, [Primary Oscillator Src: /1][96 MHz PLL Src: /2]
   870                           ;	USB Clock Selection bit (used in Full-Speed USB mode only; UCFG:FSEN = 1)
   871                           ;	USBDIV = 1, USB clock source comes directly from the primary oscillator block with no 
      +                          postscale
   872  300000                     	org	3145728
   873  300000  00                 	db	0
   874                           
   875                           ;Config register CONFIG1H @ 0x300001
   876                           ;	Oscillator Selection bits
   877                           ;	FOSC = HS, HS oscillator (HS)
   878                           ;	Fail-Safe Clock Monitor Enable bit
   879                           ;	FCMEN = OFF, Fail-Safe Clock Monitor disabled
   880                           ;	Internal/External Oscillator Switchover bit
   881                           ;	IESO = OFF, Oscillator Switchover mode disabled
   882  300001                     	org	3145729
   883  300001  0C                 	db	12
   884                           
   885                           ;Config register CONFIG2L @ 0x300002
   886                           ;	Power-up Timer Enable bit
   887                           ;	PWRT = OFF, PWRT disabled
   888                           ;	Brown-out Reset Enable bits
   889                           ;	BOR = ON, Brown-out Reset enabled in hardware only (SBOREN is disabled)
   890                           ;	Brown-out Reset Voltage bits
   891                           ;	BORV = 3, Minimum setting 2.05V
   892                           ;	USB Voltage Regulator Enable bit
   893                           ;	VREGEN = OFF, USB voltage regulator disabled
   894  300002                     	org	3145730
   895  300002  1F                 	db	31
   896                           
   897                           ;Config register CONFIG2H @ 0x300003
   898                           ;	Watchdog Timer Enable bit
   899                           ;	WDT = OFF, WDT disabled (control is placed on the SWDTEN bit)
   900                           ;	Watchdog Timer Postscale Select bits
   901                           ;	WDTPS = 32768, 1:32768
   902  300003                     	org	3145731
   903  300003  1E                 	db	30
   904                           
   905                           ; Padding undefined space
   906  300004                     	org	3145732
   907  300004  FF                 	db	255
   908                           
   909                           ;Config register CONFIG3H @ 0x300005
   910                           ;	CCP2 MUX bit
   911                           ;	CCP2MX = ON, CCP2 input/output is multiplexed with RC1
   912                           ;	PORTB A/D Enable bit
   913                           ;	PBADEN = ON, PORTB<4:0> pins are configured as analog input channels on Reset
   914                           ;	Low-Power Timer 1 Oscillator Enable bit
   915                           ;	LPT1OSC = OFF, Timer1 configured for higher power operation
   916                           ;	MCLR Pin Enable bit
   917                           ;	MCLRE = ON, MCLR pin enabled; RE3 input pin disabled
   918  300005                     	org	3145733
   919  300005  83                 	db	131
   920                           
   921                           ;Config register CONFIG4L @ 0x300006
   922                           ;	Stack Full/Underflow Reset Enable bit
   923                           ;	STVREN = ON, Stack full/underflow will cause Reset
   924                           ;	Single-Supply ICSP Enable bit
   925                           ;	LVP = ON, Single-Supply ICSP enabled
   926                           ;	Dedicated In-Circuit Debug/Programming Port (ICPORT) Enable bit
   927                           ;	ICPRT = OFF, ICPORT disabled
   928                           ;	Extended Instruction Set Enable bit
   929                           ;	XINST = OFF, Instruction set extension and Indexed Addressing mode disabled (Legacy mo
      +                          de)
   930                           ;	Background Debugger Enable bit
   931                           ;	DEBUG = 0x1, unprogrammed default
   932  300006                     	org	3145734
   933  300006  85                 	db	133
   934                           
   935                           ; Padding undefined space
   936  300007                     	org	3145735
   937  300007  FF                 	db	255
   938                           
   939                           ;Config register CONFIG5L @ 0x300008
   940                           ;	Code Protection bit
   941                           ;	CP0 = OFF, Block 0 (000800-001FFFh) is not code-protected
   942                           ;	Code Protection bit
   943                           ;	CP1 = OFF, Block 1 (002000-003FFFh) is not code-protected
   944                           ;	Code Protection bit
   945                           ;	CP2 = OFF, Block 2 (004000-005FFFh) is not code-protected
   946                           ;	Code Protection bit
   947                           ;	CP3 = OFF, Block 3 (006000-007FFFh) is not code-protected
   948  300008                     	org	3145736
   949  300008  0F                 	db	15
   950                           
   951                           ;Config register CONFIG5H @ 0x300009
   952                           ;	Boot Block Code Protection bit
   953                           ;	CPB = OFF, Boot block (000000-0007FFh) is not code-protected
   954                           ;	Data EEPROM Code Protection bit
   955                           ;	CPD = OFF, Data EEPROM is not code-protected
   956  300009                     	org	3145737
   957  300009  C0                 	db	192
   958                           
   959                           ;Config register CONFIG6L @ 0x30000A
   960                           ;	Write Protection bit
   961                           ;	WRT0 = OFF, Block 0 (000800-001FFFh) is not write-protected
   962                           ;	Write Protection bit
   963                           ;	WRT1 = OFF, Block 1 (002000-003FFFh) is not write-protected
   964                           ;	Write Protection bit
   965                           ;	WRT2 = OFF, Block 2 (004000-005FFFh) is not write-protected
   966                           ;	Write Protection bit
   967                           ;	WRT3 = OFF, Block 3 (006000-007FFFh) is not write-protected
   968  30000A                     	org	3145738
   969  30000A  0F                 	db	15
   970                           
   971                           ;Config register CONFIG6H @ 0x30000B
   972                           ;	Configuration Register Write Protection bit
   973                           ;	WRTC = OFF, Configuration registers (300000-3000FFh) are not write-protected
   974                           ;	Boot Block Write Protection bit
   975                           ;	WRTB = OFF, Boot block (000000-0007FFh) is not write-protected
   976                           ;	Data EEPROM Write Protection bit
   977                           ;	WRTD = OFF, Data EEPROM is not write-protected
   978  30000B                     	org	3145739
   979  30000B  E0                 	db	224
   980                           
   981                           ;Config register CONFIG7L @ 0x30000C
   982                           ;	Table Read Protection bit
   983                           ;	EBTR0 = OFF, Block 0 (000800-001FFFh) is not protected from table reads executed in ot
      +                          her blocks
   984                           ;	Table Read Protection bit
   985                           ;	EBTR1 = OFF, Block 1 (002000-003FFFh) is not protected from table reads executed in ot
      +                          her blocks
   986                           ;	Table Read Protection bit
   987                           ;	EBTR2 = OFF, Block 2 (004000-005FFFh) is not protected from table reads executed in ot
      +                          her blocks
   988                           ;	Table Read Protection bit
   989                           ;	EBTR3 = OFF, Block 3 (006000-007FFFh) is not protected from table reads executed in ot
      +                          her blocks
   990  30000C                     	org	3145740
   991  30000C  0F                 	db	15
   992                           
   993                           ;Config register CONFIG7H @ 0x30000D
   994                           ;	Boot Block Table Read Protection bit
   995                           ;	EBTRB = OFF, Boot block (000000-0007FFh) is not protected from table reads executed in
      +                           other blocks
   996  30000D                     	org	3145741
   997  30000D  40                 	db	64
   998                           tosu	equ	0xFFF
   999                           tosh	equ	0xFFE
  1000                           tosl	equ	0xFFD
  1001                           stkptr	equ	0xFFC
  1002                           pclatu	equ	0xFFB
  1003                           pclath	equ	0xFFA
  1004                           pcl	equ	0xFF9
  1005                           tblptru	equ	0xFF8
  1006                           tblptrh	equ	0xFF7
  1007                           tblptrl	equ	0xFF6
  1008                           tablat	equ	0xFF5
  1009                           prodh	equ	0xFF4
  1010                           prodl	equ	0xFF3
  1011                           indf0	equ	0xFEF
  1012                           postinc0	equ	0xFEE
  1013                           postdec0	equ	0xFED
  1014                           preinc0	equ	0xFEC
  1015                           plusw0	equ	0xFEB
  1016                           fsr0h	equ	0xFEA
  1017                           fsr0l	equ	0xFE9
  1018                           wreg	equ	0xFE8
  1019                           indf1	equ	0xFE7
  1020                           postinc1	equ	0xFE6
  1021                           postdec1	equ	0xFE5
  1022                           preinc1	equ	0xFE4
  1023                           plusw1	equ	0xFE3
  1024                           fsr1h	equ	0xFE2
  1025                           fsr1l	equ	0xFE1
  1026                           bsr	equ	0xFE0
  1027                           indf2	equ	0xFDF
  1028                           postinc2	equ	0xFDE
  1029                           postdec2	equ	0xFDD
  1030                           preinc2	equ	0xFDC
  1031                           plusw2	equ	0xFDB
  1032                           fsr2h	equ	0xFDA
  1033                           fsr2l	equ	0xFD9
  1034                           status	equ	0xFD8

Data Sizes:
    Strings     0
    Constant    0
    Data        0
    BSS         0
    Persistent  0
    Stack       0

Auto Spaces:
    Space          Size  Autos    Used
    COMRAM           95      4       4
    BANK0           160      0       0
    BANK1           256      0       0
    BANK2           256      0       0
    BANK3           256      0       0
    BANK4           256      0       0
    BANK5           256      0       0
    BANK6           256      0       0
    BANK7           256      0       0

Pointer List with Targets:

    None.

Critical Paths under _main in COMRAM

    _main->_winnerPlayer1
    _main->_winnerPlayer2

Critical Paths under _main in BANK0

    None.

Critical Paths under _main in BANK1

    None.

Critical Paths under _main in BANK2

    None.

Critical Paths under _main in BANK3

    None.

Critical Paths under _main in BANK4

    None.

Critical Paths under _main in BANK5

    None.

Critical Paths under _main in BANK6

    None.

Critical Paths under _main in BANK7

    None.

Call Graph Tables:

 ---------------------------------------------------------------------------------
 (Depth) Function   	        Calls       Base Space   Used Autos Params    Refs
 ---------------------------------------------------------------------------------
 (0) _main                                                 0     0      0      60
                      _winnerPlayer1
                      _winnerPlayer2
 ---------------------------------------------------------------------------------
 (1) _winnerPlayer2                                        4     4      0      30
                                              0 COMRAM     4     4      0
 ---------------------------------------------------------------------------------
 (1) _winnerPlayer1                                        4     4      0      30
                                              0 COMRAM     4     4      0
 ---------------------------------------------------------------------------------
 Estimated maximum stack depth 1
 ---------------------------------------------------------------------------------

 Call Graph Graphs:

 _main (ROOT)
   _winnerPlayer1
   _winnerPlayer2

 Address spaces:
Name               Size   Autos  Total    Cost      Usage
BITCOMRAM           5F      0       0       0        0.0%
EEDATA             100      0       0       0        0.0%
NULL                 0      0       0       0        0.0%
CODE                 0      0       0       0        0.0%
COMRAM              5F      4       4       1        4.2%
STACK                0      0       0       2        0.0%
DATA                 0      0       0       3        0.0%
BITBANK0            A0      0       0       4        0.0%
BANK0               A0      0       0       5        0.0%
BITBANK1           100      0       0       6        0.0%
BANK1              100      0       0       7        0.0%
BITBANK2           100      0       0       8        0.0%
BANK2              100      0       0       9        0.0%
BITBANK3           100      0       0      10        0.0%
BANK3              100      0       0      11        0.0%
BITBANK4           100      0       0      12        0.0%
BANK4              100      0       0      13        0.0%
BITBANK5           100      0       0      14        0.0%
BANK5              100      0       0      15        0.0%
BITBANK6           100      0       0      16        0.0%
BANK6              100      0       0      17        0.0%
BITBANK7           100      0       0      18        0.0%
BANK7              100      0       0      19        0.0%
ABS                  0      0       0      20        0.0%
BIGRAM             7FF      0       0      21        0.0%
BITSFR               0      0       0     200        0.0%
SFR                  0      0       0     200        0.0%


Microchip Technology PIC18 Macro Assembler V2.20 build 20200408173844 
Symbol Table                                                                                   Wed Sep 23 14:38:37 2020

                     l21 7C7E                       l41 7D56                       l26 7CB4  
                     l19 7C5A                       l51 7DE6                       l28 7CD8  
                     l36 7D0E                       l61 7E7A                       l46 7D9E  
                     l71 7F0E                       l56 7E32                       l81 7F9E  
                     l66 7EC2                       l76 7F56                       l86 7FE6  
                     u10 7C52                       u11 7C4E                       u20 7C7E  
                     u21 7C7A                       u30 7CAC                       u31 7CA8  
                     u40 7CD8                       u41 7CD4                       u50 7CF8  
                     u51 7CF4                       u60 7D0E                       u61 7D0A  
                     u70 7D1C                       u71 7D18                       u80 7D2E  
                     u81 7D2A                       u90 7D44                       u91 7D40  
                    l801 7CEA                      l803 7CF8                      l811 7D20  
                    l901 7F2E                      l821 7D64                      l813 7D2E  
                    l805 7D00                      l903 7F36                      l911 7F68  
                    l815 7D36                      l823 7D68                      l921 7FAC  
                    l913 7F76                      l905 7F44                      l841 7DD8  
                    l833 7DAC                      l825 7D76                      l817 7D44  
                    l809 7D1C                      l915 7F7E                      l923 7FB0  
                    l851 7E0A                      l827 7D88                      l835 7DB0  
                    l781 7C62                      l773 7C2E                      l933 7FF4  
                    l925 7FBE                      l917 7F8C                      l909 7F64  
                    l853 7E12                      l861 7E44                      l845 7DF4  
                    l837 7DBE                      l829 7D90                      l775 7C44  
                    l767 7C26                      l791 7C9E                      l783 7C80  
                    l927 7FC6                      l871 7E88                      l863 7E52  
                    l855 7E20                      l847 7DF8                      l839 7DD0  
                    l777 7C52                      l793 7CAC                      l929 7FD4  
                    l865 7E64                      l873 7E8C                      l849 7DFC  
                    l779 7C5E                      l795 7CB8                      l891 7EEE  
                    l883 7ED0                      l875 7E9A                      l867 7E6C  
                    l859 7E40                      l797 7CBC                      l789 7C88  
                    l893 7EFC                      l885 7ED4                      l877 7EAC  
                    l879 7EB4                      l887 7ED8                      l799 7CDA  
                    l897 7F1C                      l889 7EE6                      l899 7F20  
                    u100 7D56                      u101 7D52                      u110 7D64  
                    u111 7D60                      u200 7E0A                      u120 7D76  
                    u201 7E06                      u121 7D72                      u210 7E20  
                    u130 7D88                      u211 7E1C                      u131 7D84  
                    u300 7EC2                      u220 7E32                      u140 7D9E  
                    u301 7EBE                      u221 7E2E                      u141 7D9A  
                    u310 7ED0                      u230 7E40                      u150 7DAC  
                    u311 7ECC                      u231 7E3C                      u151 7DA8  
                    u400 7F76                      u320 7EE6                      u240 7E52  
                    u160 7DBE                      u401 7F72                      u321 7EE2  
                    u241 7E4E                      u161 7DBA                      u410 7F8C  
                    u330 7EFC                      u250 7E64                      u170 7DD0  
                    u411 7F88                      u331 7EF8                      u251 7E60  
                    u171 7DCC                      u420 7F9E                      u340 7F0E  
                    u260 7E7A                      u180 7DE6                      u421 7F9A  
                    u341 7F0A                      u261 7E76                      u181 7DE2  
                    u430 7FAC                      u350 7F1C                      u270 7E88  
                    u190 7DF4                      u431 7FA8                      u351 7F18  
                    u271 7E84                      u191 7DF0                      u440 7FBE  
                    u360 7F2E                      u280 7E9A                      u441 7FBA  
                    u361 7F2A                      u281 7E96                      u450 7FD4  
                    u370 7F44                      u290 7EAC                      u451 7FD0  
                    u371 7F40                      u291 7EA8                      u507 7D8A  
                    u460 7FE6                      u380 7F56                      u461 7FE2  
                    u381 7F52                      u517 7DD2                      u470 7FF4  
                    u390 7F64                      u607 7C38                      u471 7FF0  
                    u391 7F60                      u527 7E0C                      u537 7E66  
                    u547 7EAE                      u557 7EE8                      u567 7F30  
                    u487 7CFA                      u577 7F78                      u497 7D30  
                    u587 7FC0                      u597 7C92                      wreg 000FE8  
 __size_of_winnerPlayer1 005A   __size_of_winnerPlayer2 005A                     _main 7CDA  
                   start 0000             ___param_bank 000000           winnerPlayer1@i 0003  
         winnerPlayer2@i 0003                    ?_main 0001                    _PORTD 000F83  
                  _TRISB 000F93                    _TRISD 000F95                    status 000FD8  
        __initialization 7C20            _winnerPlayer1 7C26            _winnerPlayer2 7C80  
           __end_of_main 8000                   ??_main 0005            __activetblptr 000000  
                 _ADCON1 000FC1           ?_winnerPlayer1 0001           ?_winnerPlayer2 0001  
             __accesstop 0060  __end_of__initialization 7C20            ___rparam_used 000001  
         __pcstackCOMRAM 0001          ??_winnerPlayer1 0001          ??_winnerPlayer2 0001  
                __Hparam 0000                  __Lparam 0000                  __pcinit 7C20  
                __ramtop 0800                  __ptext0 7CDA                  __ptext1 7C80  
                __ptext2 7C26     end_of_initialization 7C20                _PORTBbits 000F81  
              _PORTDbits 000F83      start_initialization 7C20    __end_of_winnerPlayer1 7C80  
  __end_of_winnerPlayer2 7CDA                 __Hrparam 0000                 __Lrparam 0000  
          __size_of_main 0326  
